<?xml version="1.0" encoding="UTF-8" ?>
<testsuites errors="0"
            failures="2"
            tests="1">

  <testsuite name="pages.adminPageAddTest"
    errors="0" failures="2" hostname="" id="" package="adminPageAddTest" skipped="0"
    tests="1" time="18.12" timestamp="">
  
    <testcase name="Verify that admin can add new page with valid data successfully" classname="pages.adminPageAddTest" time="18.12" assertions="6">

    

    

    

      <failure message="Timed out while waiting for element &lt;textarea[class=editor-post-title__input]&gt; to be present for 10000 milliseconds. - expected [0;32m&#34;visible&#34;[0m but got: [0;31m&#34;not found&#34;[0m">    at Page.getColumActual (C:\Users\InternDN19.01.05\internship_project\autoTest_PNVTeam1\page-objects\pages\adminPageAddPage.js:19:14)
    at NightwatchAPI.&lt;anonymous&gt; (C:\Users\InternDN19.01.05\internship_project\autoTest_PNVTeam1\tests\pages\adminPageAddTest.js:27:18)
    at processTicksAndRejections (internal/process/task_queues.js:79:9)</failure>

      <failure message="Failed [equal]: ({
  error: [
    &#39;For documentation on this error, please visit: https://www.seleniumhq.org/exceptions/no_such_element.html&#39;,
    &#34;Build info: version: &#39;3.141.59&#39;, revision: &#39;e82be7d358&#39;, time: &#39;2018-11-14T08:25:53&#39;&#34;,
    &#34;System info: host: &#39;LGDN18-1212-W10&#39;, ip: &#39;192.168.189.71&#39;, os.name: &#39;Windows 10&#39;, os.arch: &#39;amd64&#39;, os.version: &#39;10.0&#39;, java.version: &#39;1.8.0_201&#39;&#34;,
    &#39;Driver info: driver.version: unknown&#39;
  ],
  message: &#39;Unable to locate element: textarea[class=editor-post-title__input]&#39;,
  system... == &#39;Hello summer&#39;) - expected [0;32m&#34;Hello summer&#34;[0m but got: [0;31m&#34;[object Object]&#34;[0m">  error: [
    &#39;For documentation on this error, please visit: https://www.seleniumhq.org/exceptions/no_such_element.html&#39;,
    &#34;Build info: version: &#39;3.141.59&#39;, revision: &#39;e82be7d358&#39;, time: &#39;2018-11-14T08:25:53&#39;&#34;,
    &#34;System info: host: &#39;LGDN18-1212-W10&#39;, ip: &#39;192.168.189.71&#39;, os.name: &#39;Windows 10&#39;, os.arch: &#39;amd64&#39;, os.version: &#39;10.0&#39;, java.version: &#39;1.8.0_201&#39;&#34;,
    &#39;Driver info: driver.version: unknown&#39;
  ],
  message: &#39;Unable to locate element: textarea[class=editor-post-title__input]&#39;,
  system... == &#39;Hello summer&#39;
    at C:\Users\InternDN19.01.05\internship_project\autoTest_PNVTeam1\tests\pages\adminPageAddTest.js:28:32
    at NightwatchAPI.&lt;anonymous&gt; (C:\Users\InternDN19.01.05\internship_project\autoTest_PNVTeam1\commands\commons\getContainText.js:3:9)
    at processTicksAndRejections (internal/process/task_queues.js:86:5)</failure>
<system-out>[[ATTACHMENT|C:\Users\InternDN19.01.05\internship_project\autoTest_PNVTeam1\reports\pages\adminPageAddTest\Verify-that-admin-can-add-new-page-with-valid-data-successfully_FAILED_May-08-2019-114925-GMT+0700-(Indochina.png]]</system-out>
    <failure message="  error: [">    &#39;For documentation on this error, please visit: https://www.seleniumhq.org/exceptions/no_such_element.html&#39;,
    &#34;Build info: version: &#39;3.141.59&#39;, revision: &#39;e82be7d358&#39;, time: &#39;2018-11-14T08:25:53&#39;&#34;,
    &#34;System info: host: &#39;LGDN18-1212-W10&#39;, ip: &#39;192.168.189.71&#39;, os.name: &#39;Windows 10&#39;, os.arch: &#39;amd64&#39;, os.version: &#39;10.0&#39;, java.version: &#39;1.8.0_201&#39;&#34;,
    &#39;Driver info: driver.version: unknown&#39;
  ],
  message: &#39;Unable to locate element: textarea[class=editor-post-title__input]&#39;,
  system... == &#39;Hello summer&#39;
    at C:\Users\InternDN19.01.05\internship_project\autoTest_PNVTeam1\tests\pages\adminPageAddTest.js:28:32
    at NightwatchAPI.&lt;anonymous&gt; (C:\Users\InternDN19.01.05\internship_project\autoTest_PNVTeam1\commands\commons\getContainText.js:3:9)
    at processTicksAndRejections (internal/process/task_queues.js:86:5)</failure>
    </testcase>
  

  

  
  </testsuite>
</testsuites>
