<!DOCTYPE html>
<html>
<head>
    <meta http-equiv="X-UA-Compatible" content="IE=edge">
    <meta charset="UTF-8">
    <meta http-equiv="content-type" content="text/html; charset=UTF-8"/>

    <title> Test Results</title>
    <link href="..\node_modules\@rpii\nightwatch-html-reporter\lib/reports/scripts/featherlight/featherlight.min.css" rel="stylesheet" type="text/css"/>
    <link href="..\node_modules\@rpii\nightwatch-html-reporter\lib/reports/scripts/featherlight/featherlight.gallery.min.css" rel="stylesheet" type="text/css"/>
    <link href="..\node_modules\@rpii\nightwatch-html-reporter\lib/themes/default/styles.css" rel="stylesheet" type="text/css"/>
</head>

<body>
<h1> Test Results</h1>

<table border="0" cellpadding="0" cellspacing="0">
    <tr class="overview">
        <td colspan="3" title="firefox"><strong>Browser:</strong> firefox</td>
    </tr>
    <tr class="overview">
        <td colspan="3"><strong>Timestamp:</strong> Fri May 10 2019 11:08:33 GMT+0700 (Indochina Time)</td>
    </tr>
    <tr class="overview last">
        <td colspan="3"><strong>Tests:</strong> 0<br></td>
    </tr>
    <tr>
        <td class="pass"><strong>2</strong> passed</td>
        <td class="skip"><strong>0</strong> errors</td>
        <td class="fail"><strong>2</strong> failures</td>
    </tr>
</table>

<h2>categories\adminCategoryTest</h2>

<h3>Verify that user can create a new category with valid information</h3>
<ul class="assertions">
    <li>
        <span class="error">&#10006;</span>
        Timed out while waiting for element &lt;//td[@class&#x3D;&quot;name column-name has-row-actions column-primary&quot;]/strong/a[text()&#x3D;&quot;clothes&quot;]&gt; to be present for 5000 milliseconds. - expected [0;32m&quot;visible&quot;[0m but got: [0;31m&quot;not found&quot;[0m

        Expected &quot;visible&quot; but got: &quot;not found&quot;

    </li>
    <li>
        <span class="error">&#10006;</span>
                <a href='#' data-featherlight='C:/Users/InternDN19.01.05/internship_project/autoTest_PNVTeam1/reports/categories/adminCategoryTest/Verify-that-user-can-create-a-new-category-with-valid-information_FAILED_May-10-2019-110832-GMT+0700-(Indochina.png' class='screenshot-thumbnail'>C:/Users/InternDN19.01.05/internship_project/autoTest_PNVTeam1/reports/categories/adminCategoryTest/Verify-that-user-can-create-a-new-category-with-valid-information_FAILED_May-10-2019-110832-GMT+0700-(Indochina.png</a>
        Failed [equal]: ({
  error: [
    &#x27;For documentation on this error, please visit: https://www.seleniumhq.org/exceptions/no_such_element.html&#x27;,
    &quot;Build info: version: &#x27;3.141.59&#x27;, revision: &#x27;e82be7d358&#x27;, time: &#x27;2018-11-14T08:25:53&#x27;&quot;,
    &quot;System info: host: &#x27;LGDN18-1212-W10&#x27;, ip: &#x27;192.168.189.71&#x27;, os.name: &#x27;Windows 10&#x27;, os.arch: &#x27;amd64&#x27;, os.version: &#x27;10.0&#x27;, java.version: &#x27;1.8.0_201&#x27;&quot;,
    &#x27;Driver info: driver.version: unknown&#x27;
  ],
  message: &#x27;Unable to locate element: //td[@class&#x3D;&quot;name column-name has-row-actions colum... &#x3D;&#x3D; &#x27;clothes&#x27;) - expected [0;32m&quot;clothes&quot;[0m but got: [0;31m&quot;[object Object]&quot;[0m

        Expected &quot;clothes&quot; but got: &quot;[object Object]&quot;

    </li>
    <section data-featherlight-gallery data-featherlight-filter="a">
        <div class='gallery-row-title'>
            <h4>Verify that user can create a new category with valid information Screenshots</h4>
        </div>
        <div class='gallery-row'>
                        <div class='gallery-column'><a href='C:/Users/InternDN19.01.05/internship_project/autoTest_PNVTeam1/reports/categories/adminCategoryTest/Verify-that-user-can-create-a-new-category-with-valid-information_FAILED_May-10-2019-110832-GMT+0700-(Indochina.png' class='thumbnail gallery'><img class='thumbnail' src='C:/Users/InternDN19.01.05/internship_project/autoTest_PNVTeam1/reports/categories/adminCategoryTest/Verify-that-user-can-create-a-new-category-with-valid-information_FAILED_May-10-2019-110832-GMT+0700-(Indochina.png' alt='Failed [equal]: ({
  error: [
    &#x27;For documentation on this error, please visit: https://www.seleniumhq.org/exceptions/no_such_element.html&#x27;,
    &quot;Build info: version: &#x27;3.141.59&#x27;, revision: &#x27;e82be7d358&#x27;, time: &#x27;2018-11-14T08:25:53&#x27;&quot;,
    &quot;System info: host: &#x27;LGDN18-1212-W10&#x27;, ip: &#x27;192.168.189.71&#x27;, os.name: &#x27;Windows 10&#x27;, os.arch: &#x27;amd64&#x27;, os.version: &#x27;10.0&#x27;, java.version: &#x27;1.8.0_201&#x27;&quot;,
    &#x27;Driver info: driver.version: unknown&#x27;
  ],
  message: &#x27;Unable to locate element: //td[@class&#x3D;&quot;name column-name has-row-actions colum... &#x3D;&#x3D; &#x27;clothes&#x27;) - expected [0;32m&quot;clothes&quot;[0m but got: [0;31m&quot;[object Object]&quot;[0m' /></a></div>
        </div>
    </section>
</ul>

<p>
    <span class="error"><strong>FAILED:</strong></span>
    <span class="error"><strong>2</strong></span> assertions failed and
    <span class="success"><strong>0</strong></span> passed. (6.858s)
</p>

<h4>skipped</h4>
<ul>
    <li>Verify that user can edit category with valid data information</li>
</ul>

<hr>

<div id="nightwatch-logo"></div>

<script src="..\node_modules\@rpii\nightwatch-html-reporter\lib/reports/scripts/jquery.min.js" type="text/javascript"></script>
<script src="..\node_modules\@rpii\nightwatch-html-reporter\lib/reports/scripts/featherlight/featherlight.min.js" type="text/javascript"></script>
<script src="..\node_modules\@rpii\nightwatch-html-reporter\lib/reports/scripts/featherlight/featherlight.gallery.min.js" type="text/javascript"></script>
<script>
    $(function () {
        $('div.stacktrace').on('click', 'a', function (evt) {
            evt.preventDefault();

            var $link = $(this);
            var $code = $link.parent().find('code');

            $code.is(':visible') ? $link.text('hide stacktrace') :
                $link.text('view stacktrace');

            $code.toggle();

            $('a.gallery').featherlightGallery({
                previousIcon  : 'Â«',
                nextIcon      : 'Â»',
                galleryFadeIn : 100,          /* fadeIn speed when slide is loaded */
                galleryFadeOut: 300          /* fadeOut speed before slide is loaded */
            });
        });
    });

    $.featherlightGallery.prototype.afterContent = function() {
        var caption = this.$currentTarget.find('img').attr('alt');
        this.$instance.find('.caption').remove();
        $('<div class="caption">').text(caption).insertBefore(this.$instance.find('.featherlight-close-icon'));
    };

</script>
</body>
</html>
