{
  "testId" : "3-verify-that-post-page-displays-correctly-on-desktop-device",
  "name" : "Verify that post page displays correctly  on desktop device",
  "report" : {
    "nodes" : [ {
      "name" : "Verify that post page displays correctly ",
      "status" : "info",
      "nodes" : [ {
        "name" : "Type \"admin\" to email on Login page",
        "status" : "info",
        "nodes" : [ {
          "name" : "css: input#user_login",
          "type" : "text"
        } ],
        "time" : 1558586043488,
        "type" : "node"
      }, {
        "name" : "Type \"123456789\" to password on Login page",
        "status" : "info",
        "nodes" : [ {
          "name" : "css: input#user_pass",
          "type" : "text"
        } ],
        "time" : 1558586043551,
        "type" : "node"
      }, {
        "name" : "Click submitButton on Login page",
        "status" : "info",
        "nodes" : [ {
          "name" : "css: input#wp-submit",
          "type" : "text"
        } ],
        "time" : 1558586043616,
        "type" : "node"
      }, {
        "name" : "WrappedException: Wrapped org.openqa.selenium.WebDriverException: chrome not reachable\n  (Session info: chrome=74.0.3729.169)\n  (Driver info: chromedriver=74.0.3729.6 (255758eccf3d244491b8a1317aa76e1ce10d57e9-refs/branch-heads/3729@{#29}),platform=Windows NT 10.0.17134 x86_64) (WARNING: The server did not provide any stacktrace information)\nCommand duration or timeout: 0 milliseconds\nBuild info: version: 'unknown', revision: 'unknown', time: 'unknown'\nSystem info: host: 'LGDN14306-W10', ip: '192.168.189.127', os.name: 'Windows 10', os.arch: 'amd64', os.version: '10.0', java.version: '12'\nDriver info: org.openqa.selenium.chrome.ChromeDriver\nCapabilities {acceptInsecureCerts: false, acceptSslCerts: false, applicationCacheEnabled: false, browserConnectionEnabled: false, browserName: chrome, chrome: {chromedriverVersion: 74.0.3729.6 (255758eccf3d24..., userDataDir: C:\\Users\\INTERN~1.01\\AppDat...}, cssSelectorsEnabled: true, databaseEnabled: false, goog:chromeOptions: {debuggerAddress: localhost:56784}, handlesAlerts: true, hasTouchScreen: false, javascriptEnabled: true, locationContextEnabled: true, mobileEmulationEnabled: false, nativeEvents: true, networkConnectionEnabled: false, pageLoadStrategy: normal, platform: XP, platformName: XP, proxy: Proxy(), rotatable: false, setWindowRect: true, strictFileInteractability: false, takesHeapSnapshot: true, takesScreenshot: true, timeouts: {implicit: 0, pageLoad: 300000, script: 30000}, unexpectedAlertBehaviour: ignore, unhandledPromptBehavior: ignore, version: 74.0.3729.169, webStorageEnabled: true}\nSession ID: 275c1851fb5fb7f9fefe413066de2a6f (<cmd>#453)",
        "status" : "error",
        "time" : 1558586053867,
        "stacktrace" : "org.mozilla.javascript.WrappedException: Wrapped org.openqa.selenium.WebDriverException: chrome not reachable\n  (Session info: chrome=74.0.3729.169)\n  (Driver info: chromedriver=74.0.3729.6 (255758eccf3d244491b8a1317aa76e1ce10d57e9-refs/branch-heads/3729@{#29}),platform=Windows NT 10.0.17134 x86_64) (WARNING: The server did not provide any stacktrace information)\nCommand duration or timeout: 0 milliseconds\nBuild info: version: 'unknown', revision: 'unknown', time: 'unknown'\nSystem info: host: 'LGDN14306-W10', ip: '192.168.189.127', os.name: 'Windows 10', os.arch: 'amd64', os.version: '10.0', java.version: '12'\nDriver info: org.openqa.selenium.chrome.ChromeDriver\nCapabilities {acceptInsecureCerts: false, acceptSslCerts: false, applicationCacheEnabled: false, browserConnectionEnabled: false, browserName: chrome, chrome: {chromedriverVersion: 74.0.3729.6 (255758eccf3d24..., userDataDir: C:\\Users\\INTERN~1.01\\AppDat...}, cssSelectorsEnabled: true, databaseEnabled: false, goog:chromeOptions: {debuggerAddress: localhost:56784}, handlesAlerts: true, hasTouchScreen: false, javascriptEnabled: true, locationContextEnabled: true, mobileEmulationEnabled: false, nativeEvents: true, networkConnectionEnabled: false, pageLoadStrategy: normal, platform: XP, platformName: XP, proxy: Proxy(), rotatable: false, setWindowRect: true, strictFileInteractability: false, takesHeapSnapshot: true, takesScreenshot: true, timeouts: {implicit: 0, pageLoad: 300000, script: 30000}, unexpectedAlertBehaviour: ignore, unhandledPromptBehavior: ignore, version: 74.0.3729.169, webStorageEnabled: true}\nSession ID: 275c1851fb5fb7f9fefe413066de2a6f (<cmd>#453)\r\n\tat org.mozilla.javascript.Context.throwAsScriptRuntimeEx(Context.java:1914)\r\n\tat org.mozilla.javascript.MemberBox.invoke(MemberBox.java:148)\r\n\tat org.mozilla.javascript.NativeJavaMethod.call(NativeJavaMethod.java:225)\r\n\tat org.mozilla.javascript.optimizer.OptRuntime.callProp0(OptRuntime.java:85)\r\n\tat org.mozilla.javascript.gen._cmd__20._c_anonymous_44(<cmd>:453)\r\n\tat org.mozilla.javascript.gen._cmd__20.call(<cmd>)\r\n\tat org.mozilla.javascript.optimizer.OptRuntime.callProp0(OptRuntime.java:85)\r\n\tat org.mozilla.javascript.gen._cmd__20._c_anonymous_30(<cmd>:370)\r\n\tat org.mozilla.javascript.gen._cmd__20.call(<cmd>)\r\n\tat org.mozilla.javascript.optimizer.OptRuntime.callProp0(OptRuntime.java:85)\r\n\tat org.mozilla.javascript.gen._cmd__20._c_anonymous_16(<cmd>:241)\r\n\tat org.mozilla.javascript.gen._cmd__20.call(<cmd>)\r\n\tat org.mozilla.javascript.optimizer.OptRuntime.call1(OptRuntime.java:32)\r\n\tat org.mozilla.javascript.gen._cmd__20._c_anonymous_15(<cmd>:229)\r\n\tat org.mozilla.javascript.gen._cmd__20.call(<cmd>)\r\n\tat org.mozilla.javascript.optimizer.OptRuntime.call1(OptRuntime.java:32)\r\n\tat org.mozilla.javascript.gen._cmd__20._c_anonymous_12(<cmd>:185)\r\n\tat org.mozilla.javascript.gen._cmd__20.call(<cmd>)\r\n\tat org.mozilla.javascript.optimizer.OptRuntime.call1(OptRuntime.java:32)\r\n\tat org.mozilla.javascript.gen._cmd__20._c_anonymous_29(<cmd>:384)\r\n\tat org.mozilla.javascript.gen._cmd__20.call(<cmd>)\r\n\tat org.mozilla.javascript.optimizer.OptRuntime.callProp0(OptRuntime.java:85)\r\n\tat org.mozilla.javascript.gen.C__Users_InternDN19_01_01_Desktop_New_folder__9__autoTest_PNVTeam1_tests_galen_post_post_test_js_21._c_anonymous_2(C:\\Users\\InternDN19.01.01\\Desktop\\New folder (9)\\autoTest_PNVTeam1\\tests\\galen\\post\\post.test.js:14)\r\n\tat org.mozilla.javascript.gen.C__Users_InternDN19_01_01_Desktop_New_folder__9__autoTest_PNVTeam1_tests_galen_post_post_test_js_21.call(C:\\Users\\InternDN19.01.01\\Desktop\\New folder (9)\\autoTest_PNVTeam1\\tests\\galen\\post\\post.test.js)\r\n\tat org.mozilla.javascript.optimizer.OptRuntime.call1(OptRuntime.java:32)\r\n\tat org.mozilla.javascript.gen._cmd__18._c_logged_43(<cmd>:422)\r\n\tat org.mozilla.javascript.gen._cmd__18.call(<cmd>)\r\n\tat org.mozilla.javascript.optimizer.OptRuntime.callName(OptRuntime.java:63)\r\n\tat org.mozilla.javascript.gen.C__Users_InternDN19_01_01_Desktop_New_folder__9__autoTest_PNVTeam1_tests_galen_post_post_test_js_21._c_anonymous_1(C:\\Users\\InternDN19.01.01\\Desktop\\New folder (9)\\autoTest_PNVTeam1\\tests\\galen\\post\\post.test.js:11)\r\n\tat org.mozilla.javascript.gen.C__Users_InternDN19_01_01_Desktop_New_folder__9__autoTest_PNVTeam1_tests_galen_post_post_test_js_21.call(C:\\Users\\InternDN19.01.01\\Desktop\\New folder (9)\\autoTest_PNVTeam1\\tests\\galen\\post\\post.test.js)\r\n\tat org.mozilla.javascript.ScriptRuntime.applyOrCall(ScriptRuntime.java:2697)\r\n\tat org.mozilla.javascript.BaseFunction.execIdCall(BaseFunction.java:287)\r\n\tat org.mozilla.javascript.IdFunctionObject.call(IdFunctionObject.java:101)\r\n\tat org.mozilla.javascript.optimizer.OptRuntime.callN(OptRuntime.java:52)\r\n\tat org.mozilla.javascript.gen.C__Users_InternDN19_01_01_Desktop_New_folder__9__autoTest_PNVTeam1_tests_galen_post____init_js_22._c_anonymous_4(C:\\Users\\InternDN19.01.01\\Desktop\\New folder (9)\\autoTest_PNVTeam1\\tests\\galen\\post\\..\\init.js:49)\r\n\tat org.mozilla.javascript.gen.C__Users_InternDN19_01_01_Desktop_New_folder__9__autoTest_PNVTeam1_tests_galen_post____init_js_22.call(C:\\Users\\InternDN19.01.01\\Desktop\\New folder (9)\\autoTest_PNVTeam1\\tests\\galen\\post\\..\\init.js)\r\n\tat org.mozilla.javascript.ScriptRuntime.applyOrCall(ScriptRuntime.java:2697)\r\n\tat org.mozilla.javascript.BaseFunction.execIdCall(BaseFunction.java:287)\r\n\tat org.mozilla.javascript.IdFunctionObject.call(IdFunctionObject.java:101)\r\n\tat org.mozilla.javascript.optimizer.OptRuntime.call2(OptRuntime.java:42)\r\n\tat org.mozilla.javascript.gen._cmd__18._c_invokeFunc_2(<cmd>:33)\r\n\tat org.mozilla.javascript.gen._cmd__18.call(<cmd>)\r\n\tat org.mozilla.javascript.optimizer.OptRuntime.callName(OptRuntime.java:63)\r\n\tat org.mozilla.javascript.gen._cmd__18._c_anonymous_22(<cmd>:280)\r\n\tat org.mozilla.javascript.gen._cmd__18.call(<cmd>)\r\n\tat org.mozilla.javascript.ContextFactory.doTopCall(ContextFactory.java:399)\r\n\tat org.mozilla.javascript.ScriptRuntime.doTopCall(ScriptRuntime.java:3452)\r\n\tat org.mozilla.javascript.gen._cmd__18.call(<cmd>)\r\n\tat org.mozilla.javascript.JavaAdapter.doCall(JavaAdapter.java:606)\r\n\tat org.mozilla.javascript.JavaAdapter.access$000(JavaAdapter.java:15)\r\n\tat org.mozilla.javascript.JavaAdapter$1.run(JavaAdapter.java:586)\r\n\tat org.mozilla.javascript.Context.call(Context.java:526)\r\n\tat org.mozilla.javascript.ContextFactory.call(ContextFactory.java:509)\r\n\tat org.mozilla.javascript.JavaAdapter.callMethod(JavaAdapter.java:583)\r\n\tat adapter2.execute(<adapter>)\r\n\tat com.galenframework.TestRunnable.runTest(TestRunnable.java:75)\r\n\tat com.galenframework.TestRunnable.run(TestRunnable.java:101)\r\n\tat java.base/java.util.concurrent.ThreadPoolExecutor.runWorker(ThreadPoolExecutor.java:1128)\r\n\tat java.base/java.util.concurrent.ThreadPoolExecutor$Worker.run(ThreadPoolExecutor.java:628)\r\n\tat java.base/java.lang.Thread.run(Thread.java:835)\r\nCaused by: org.openqa.selenium.WebDriverException: chrome not reachable\n  (Session info: chrome=74.0.3729.169)\n  (Driver info: chromedriver=74.0.3729.6 (255758eccf3d244491b8a1317aa76e1ce10d57e9-refs/branch-heads/3729@{#29}),platform=Windows NT 10.0.17134 x86_64) (WARNING: The server did not provide any stacktrace information)\nCommand duration or timeout: 0 milliseconds\nBuild info: version: 'unknown', revision: 'unknown', time: 'unknown'\nSystem info: host: 'LGDN14306-W10', ip: '192.168.189.127', os.name: 'Windows 10', os.arch: 'amd64', os.version: '10.0', java.version: '12'\nDriver info: org.openqa.selenium.chrome.ChromeDriver\nCapabilities {acceptInsecureCerts: false, acceptSslCerts: false, applicationCacheEnabled: false, browserConnectionEnabled: false, browserName: chrome, chrome: {chromedriverVersion: 74.0.3729.6 (255758eccf3d24..., userDataDir: C:\\Users\\INTERN~1.01\\AppDat...}, cssSelectorsEnabled: true, databaseEnabled: false, goog:chromeOptions: {debuggerAddress: localhost:56784}, handlesAlerts: true, hasTouchScreen: false, javascriptEnabled: true, locationContextEnabled: true, mobileEmulationEnabled: false, nativeEvents: true, networkConnectionEnabled: false, pageLoadStrategy: normal, platform: XP, platformName: XP, proxy: Proxy(), rotatable: false, setWindowRect: true, strictFileInteractability: false, takesHeapSnapshot: true, takesScreenshot: true, timeouts: {implicit: 0, pageLoad: 300000, script: 30000}, unexpectedAlertBehaviour: ignore, unhandledPromptBehavior: ignore, version: 74.0.3729.169, webStorageEnabled: true}\nSession ID: 275c1851fb5fb7f9fefe413066de2a6f\r\n\tat java.base/jdk.internal.reflect.NativeConstructorAccessorImpl.newInstance0(Native Method)\r\n\tat java.base/jdk.internal.reflect.NativeConstructorAccessorImpl.newInstance(NativeConstructorAccessorImpl.java:62)\r\n\tat java.base/jdk.internal.reflect.DelegatingConstructorAccessorImpl.newInstance(DelegatingConstructorAccessorImpl.java:45)\r\n\tat java.base/java.lang.reflect.Constructor.newInstanceWithCaller(Constructor.java:500)\r\n\tat java.base/java.lang.reflect.Constructor.newInstance(Constructor.java:481)\r\n\tat org.openqa.selenium.remote.ErrorHandler.createThrowable(ErrorHandler.java:214)\r\n\tat org.openqa.selenium.remote.ErrorHandler.throwIfResponseFailed(ErrorHandler.java:166)\r\n\tat org.openqa.selenium.remote.http.JsonHttpResponseCodec.reconstructValue(JsonHttpResponseCodec.java:40)\r\n\tat org.openqa.selenium.remote.http.AbstractHttpResponseCodec.decode(AbstractHttpResponseCodec.java:80)\r\n\tat org.openqa.selenium.remote.http.AbstractHttpResponseCodec.decode(AbstractHttpResponseCodec.java:44)\r\n\tat org.openqa.selenium.remote.HttpCommandExecutor.execute(HttpCommandExecutor.java:158)\r\n\tat org.openqa.selenium.remote.service.DriverCommandExecutor.execute(DriverCommandExecutor.java:83)\r\n\tat org.openqa.selenium.remote.RemoteWebDriver.execute(RemoteWebDriver.java:548)\r\n\tat org.openqa.selenium.remote.RemoteWebElement.execute(RemoteWebElement.java:276)\r\n\tat org.openqa.selenium.remote.RemoteWebElement.isDisplayed(RemoteWebElement.java:317)\r\n\tat jdk.internal.reflect.GeneratedMethodAccessor1.invoke(Unknown Source)\r\n\tat java.base/jdk.internal.reflect.DelegatingMethodAccessorImpl.invoke(DelegatingMethodAccessorImpl.java:43)\r\n\tat java.base/java.lang.reflect.Method.invoke(Method.java:567)\r\n\tat org.mozilla.javascript.MemberBox.invoke(MemberBox.java:126)\r\n\t... 58 more\r\n",
        "type" : "node"
      }, {
        "name" : "Screenshot",
        "status" : "info",
        "time" : 1558586053892,
        "type" : "node"
      } ],
      "time" : 1558586043373,
      "type" : "node"
    } ]
  }
}