<?xml version="1.0" encoding="UTF-8" ?>
<testsuites errors="1"
            failures="5"
            tests="2">

  <testsuite name="posts.adminPostAddTest"
    errors="1" failures="5" hostname="" id="" package="adminPostAddTest" skipped="0"
    tests="2" time="56.27" timestamp="">
  
    <testcase name="Verify that use can add new post with valid data" classname="posts.adminPostAddTest" time="9.745" assertions="10">

    

    

    

    

    

    

    

    

    

    
    </testcase>
  
    <testcase name="Verify that user can edit post with valid data" classname="posts.adminPostAddTest" time="46.52" assertions="8">

    

    

      <failure message="Timed out while waiting for element &lt;//span[@class=&#34;edit&#34;]/a[ancestor::tr[@id=&#34;post-2695&#34;]]&gt; to be visible for 10000 milliseconds. - expected [0;32m&#34;visible&#34;[0m but got: [0;31m&#34;not visible&#34;[0m">    at Page.clickLink (C:\Users\InternDN19.01.05\internship_project\autoTest_PNVTeam1\page-objects\posts\adminPostViewAllPage.js:17:18)
    at Page.goToActionHiddenLink (C:\Users\InternDN19.01.05\internship_project\autoTest_PNVTeam1\page-objects\posts\adminPostViewAllPage.js:23:26)
    at NightwatchAPI.&lt;anonymous&gt; (C:\Users\InternDN19.01.05\internship_project\autoTest_PNVTeam1\tests\posts\adminPostAddTest.js:48:25)
    at processTicksAndRejections (internal/process/task_queues.js:79:9)</failure>

      <failure message="Timed out while waiting for element &lt;textarea[id=post-title-0]&gt; to be present for 10000 milliseconds. - expected [0;32m&#34;visible&#34;[0m but got: [0;31m&#34;not found&#34;[0m">    at Page.editPost (C:\Users\InternDN19.01.05\internship_project\autoTest_PNVTeam1\page-objects\posts\adminPostEditPage.js:5:18)
    at NightwatchAPI.&lt;anonymous&gt; (C:\Users\InternDN19.01.05\internship_project\autoTest_PNVTeam1\tests\posts\adminPostAddTest.js:49:22)
    at processTicksAndRejections (internal/process/task_queues.js:79:9)</failure>

      <failure message="Timed out while waiting for element &lt;button.editor-post-publish-button&gt; to be present for 10000 milliseconds. - expected [0;32m&#34;visible&#34;[0m but got: [0;31m&#34;not found&#34;[0m">    at Page.editPost (C:\Users\InternDN19.01.05\internship_project\autoTest_PNVTeam1\page-objects\posts\adminPostEditPage.js:10:18)
    at NightwatchAPI.&lt;anonymous&gt; (C:\Users\InternDN19.01.05\internship_project\autoTest_PNVTeam1\tests\posts\adminPostAddTest.js:49:22)
    at processTicksAndRejections (internal/process/task_queues.js:79:9)</failure>

      <failure message="Timed out while waiting for element &lt;div[class=components-notice__content]&gt; to be present for 10000 milliseconds. - expected [0;32m&#34;visible&#34;[0m but got: [0;31m&#34;not found&#34;[0m">    at Page.getActualUpdateMessageValue (C:\Users\InternDN19.01.05\internship_project\autoTest_PNVTeam1\page-objects\posts\adminPostEditPage.js:15:16)
    at NightwatchAPI.&lt;anonymous&gt; (C:\Users\InternDN19.01.05\internship_project\autoTest_PNVTeam1\tests\posts\adminPostAddTest.js:50:22)
    at processTicksAndRejections (internal/process/task_queues.js:79:9)</failure>

      <failure message="Failed [equal]: ({
  error: [
    &#39;For documentation on this error, please visit: https://www.seleniumhq.org/exceptions/no_such_element.html&#39;,
    &#34;Build info: version: &#39;3.141.59&#39;, revision: &#39;e82be7d358&#39;, time: &#39;2018-11-14T08:25:53&#39;&#34;,
    &#34;System info: host: &#39;LGDN18-1212-W10&#39;, ip: &#39;192.168.189.71&#39;, os.name: &#39;Windows 10&#39;, os.arch: &#39;amd64&#39;, os.version: &#39;10.0&#39;, java.version: &#39;1.8.0_201&#39;&#34;,
    &#39;Driver info: driver.version: unknown&#39;
  ],
  message: &#39;Unable to locate element: div[class=components-notice__content]&#39;,
  systemInf... == &#39;Post updated.\nView Post&#39;) - expected [0;32m&#34;Post updated.
View Post&#34;[0m but got: [0;31m&#34;[object Object]&#34;[0m">  error: [
    &#39;For documentation on this error, please visit: https://www.seleniumhq.org/exceptions/no_such_element.html&#39;,
    &#34;Build info: version: &#39;3.141.59&#39;, revision: &#39;e82be7d358&#39;, time: &#39;2018-11-14T08:25:53&#39;&#34;,
    &#34;System info: host: &#39;LGDN18-1212-W10&#39;, ip: &#39;192.168.189.71&#39;, os.name: &#39;Windows 10&#39;, os.arch: &#39;amd64&#39;, os.version: &#39;10.0&#39;, java.version: &#39;1.8.0_201&#39;&#34;,
    &#39;Driver info: driver.version: unknown&#39;
  ],
  message: &#39;Unable to locate element: div[class=components-notice__content]&#39;,
  systemInf... == &#39;Post updated.\nView Post&#39;
    at C:\Users\InternDN19.01.05\internship_project\autoTest_PNVTeam1\tests\posts\adminPostAddTest.js:51:32
    at NightwatchAPI.&lt;anonymous&gt; (C:\Users\InternDN19.01.05\internship_project\autoTest_PNVTeam1\commands\commons\getContainText.js:3:9)
    at processTicksAndRejections (internal/process/task_queues.js:86:5)</failure>
<system-out>[[ATTACHMENT|C:\Users\InternDN19.01.05\internship_project\autoTest_PNVTeam1\reports\posts\adminPostAddTest\Verify-that-user-can-edit-post-with-valid-data_FAILED_May-09-2019-143617-GMT+0700-(Indochina.png]]</system-out>
    <failure message="  error: [">    &#39;For documentation on this error, please visit: https://www.seleniumhq.org/exceptions/no_such_element.html&#39;,
    &#34;Build info: version: &#39;3.141.59&#39;, revision: &#39;e82be7d358&#39;, time: &#39;2018-11-14T08:25:53&#39;&#34;,
    &#34;System info: host: &#39;LGDN18-1212-W10&#39;, ip: &#39;192.168.189.71&#39;, os.name: &#39;Windows 10&#39;, os.arch: &#39;amd64&#39;, os.version: &#39;10.0&#39;, java.version: &#39;1.8.0_201&#39;&#34;,
    &#39;Driver info: driver.version: unknown&#39;
  ],
  message: &#39;Unable to locate element: div[class=components-notice__content]&#39;,
  systemInf... == &#39;Post updated.\nView Post&#39;
    at C:\Users\InternDN19.01.05\internship_project\autoTest_PNVTeam1\tests\posts\adminPostAddTest.js:51:32
    at NightwatchAPI.&lt;anonymous&gt; (C:\Users\InternDN19.01.05\internship_project\autoTest_PNVTeam1\commands\commons\getContainText.js:3:9)
    at processTicksAndRejections (internal/process/task_queues.js:86:5)</failure>
    </testcase>
  

  
    <system-err>
      [0;31m  Cannot read property &#39;status&#39; of undefined[0m
[0;90m       at Socket.socketCloseListener (_http_client.js:371:11)[0m
    </system-err>
  

  
  </testsuite>
</testsuites>
