<?xml version="1.0" encoding="UTF-8" ?>
<testsuites errors="2"
            failures="3"
            tests="2">

  <testsuite name="tags.adminTagTest"
    errors="2" failures="3" hostname="" id="" package="adminTagTest" skipped="0"
    tests="2" time="14.98" timestamp="">
  
    <testcase name="Verify that admin can add new tag successfully" classname="tags.adminTagTest" time="2.323" assertions="8">

    

    

    

    

    

    

    

    
    </testcase>
  
    <testcase name="Verify that Admin can edit tag " classname="tags.adminTagTest" time="12.66" assertions="4">

      <failure message="Timed out while waiting for element &lt;//span[@class=&#34;edit&#34;]/a[ancestor::td//a[text()=&#34;automation testingkoy0xud1ig&#34;]]&gt; to be visible for 5000 milliseconds. - expected [0;32m&#34;visible&#34;[0m but got: [0;31m&#34;not visible&#34;[0m">    at Page.clickLink (C:\Users\InternDN19.01.04\autoTest_PNVTeam1\page-objects\tags\adminTagAddPage.js:41:18)
    at Page.goToAction (C:\Users\InternDN19.01.04\autoTest_PNVTeam1\page-objects\tags\adminTagAddPage.js:47:26)
    at NightwatchAPI.&lt;anonymous&gt; (C:\Users\InternDN19.01.04\autoTest_PNVTeam1\tests\tags\adminTagTest.js:45:20)
    at processTicksAndRejections (internal/process/task_queues.js:79:9)</failure>

      <failure message="Timed out while waiting for element &lt;div#message&gt;p&gt;strong&gt; to be present for 5000 milliseconds. - expected [0;32m&#34;visible&#34;[0m but got: [0;31m&#34;not found&#34;[0m">    at Page.getActualUpdatedTagMessage (C:\Users\InternDN19.01.04\autoTest_PNVTeam1\page-objects\tags\adminTagEditPage.js:18:18)
    at NightwatchAPI.&lt;anonymous&gt; (C:\Users\InternDN19.01.04\autoTest_PNVTeam1\tests\tags\adminTagTest.js:47:21)
    at processTicksAndRejections (internal/process/task_queues.js:79:9)</failure>

      <failure message="Failed [equal]: ({
  error: [
    &#39;For documentation on this error, please visit: https://www.seleniumhq.org/exceptions/no_such_element.html&#39;,
    &#34;Build info: version: &#39;3.141.59&#39;, revision: &#39;e82be7d358&#39;, time: &#39;2018-11-14T08:25:53&#39;&#34;,
    &#34;System info: host: &#39;LGDN18-1210-W10&#39;, ip: &#39;192.168.189.70&#39;, os.name: &#39;Windows 10&#39;, os.arch: &#39;amd64&#39;, os.version: &#39;10.0&#39;, java.version: &#39;1.8.0_201&#39;&#34;,
    &#39;Driver info: driver.version: unknown&#39;
  ],
  message: &#39;Unable to locate element: div#message&gt;p&gt;strong&#39;,
  systemInformation: &#34;System... == &#39;Tag updated.&#39;) - expected [0;32m&#34;Tag updated.&#34;[0m but got: [0;31m&#34;[object Object]&#34;[0m">  error: [
    &#39;For documentation on this error, please visit: https://www.seleniumhq.org/exceptions/no_such_element.html&#39;,
    &#34;Build info: version: &#39;3.141.59&#39;, revision: &#39;e82be7d358&#39;, time: &#39;2018-11-14T08:25:53&#39;&#34;,
    &#34;System info: host: &#39;LGDN18-1210-W10&#39;, ip: &#39;192.168.189.70&#39;, os.name: &#39;Windows 10&#39;, os.arch: &#39;amd64&#39;, os.version: &#39;10.0&#39;, java.version: &#39;1.8.0_201&#39;&#34;,
    &#39;Driver info: driver.version: unknown&#39;
  ],
  message: &#39;Unable to locate element: div#message&gt;p&gt;strong&#39;,
  systemInformation: &#34;System... == &#39;Tag updated.&#39;
    at C:\Users\InternDN19.01.04\autoTest_PNVTeam1\tests\tags\adminTagTest.js:48:32
    at NightwatchAPI.&lt;anonymous&gt; (C:\Users\InternDN19.01.04\autoTest_PNVTeam1\commons\custom-commands\getContainText.js:3:9)
    at processTicksAndRejections (internal/process/task_queues.js:86:5)</failure>
<system-out>[[ATTACHMENT|C:\Users\InternDN19.01.04\autoTest_PNVTeam1\reports\tags\adminTagTest\Verify-that-Admin-can-edit-tag-_FAILED_May-10-2019-130822-GMT+0700-(Indochina.png]]</system-out>
    <failure message="  error: [">    &#39;For documentation on this error, please visit: https://www.seleniumhq.org/exceptions/no_such_element.html&#39;,
    &#34;Build info: version: &#39;3.141.59&#39;, revision: &#39;e82be7d358&#39;, time: &#39;2018-11-14T08:25:53&#39;&#34;,
    &#34;System info: host: &#39;LGDN18-1210-W10&#39;, ip: &#39;192.168.189.70&#39;, os.name: &#39;Windows 10&#39;, os.arch: &#39;amd64&#39;, os.version: &#39;10.0&#39;, java.version: &#39;1.8.0_201&#39;&#34;,
    &#39;Driver info: driver.version: unknown&#39;
  ],
  message: &#39;Unable to locate element: div#message&gt;p&gt;strong&#39;,
  systemInformation: &#34;System... == &#39;Tag updated.&#39;
    at C:\Users\InternDN19.01.04\autoTest_PNVTeam1\tests\tags\adminTagTest.js:48:32
    at NightwatchAPI.&lt;anonymous&gt; (C:\Users\InternDN19.01.04\autoTest_PNVTeam1\commons\custom-commands\getContainText.js:3:9)
    at processTicksAndRejections (internal/process/task_queues.js:86:5)</failure>
    </testcase>
  

  

  
  </testsuite>
</testsuites>
